Created by PLY version 3.10 (http://www.dabeaz.com/ply)

Grammar

Rule 0     S' -> prog
Rule 1     prog -> VOID MAIN LPAREN RPAREN LCURL body RCURL
Rule 2     prog -> VOID MAIN LPAREN RPAREN LCURL RCURL
Rule 3     body -> stmt body
Rule 4     body -> stmt
Rule 5     stmt -> decl SEMICOLON
Rule 6     stmt -> assgn_list SEMICOLON
Rule 7     assgn_list -> assgn_list COMMA assgn
Rule 8     assgn_list -> assgn
Rule 9     assgn -> ptr_assgn
Rule 10    assgn -> num_assgn
Rule 11    decl -> INT decl_list
Rule 12    decl_list -> decl_list COMMA ID
Rule 13    decl_list -> decl_list COMMA ptr
Rule 14    decl_list -> ID
Rule 15    decl_list -> ptr
Rule 16    ptr_assgn -> ptr EQUALS ptr_expr
Rule 17    num_assgn -> ID EQUALS addr
Rule 18    num_assgn -> ID EQUALS ID
Rule 19    ptr_expr -> ptr_expr PLUS ptr_factor
Rule 20    ptr_expr -> ptr_expr MINUS ptr_factor
Rule 21    ptr_expr -> ptr_factor
Rule 22    ptr_factor -> ptr_factor STAR ptr_term
Rule 23    ptr_factor -> ptr_factor SLASH ptr_term
Rule 24    ptr_factor -> ptr_term
Rule 25    ptr_term -> MINUS ptr_term
Rule 26    ptr_term -> ptr_expr_base
Rule 27    ptr_expr_base -> ID
Rule 28    ptr_expr_base -> NUM
Rule 29    ptr_expr_base -> ptr
Rule 30    ptr_expr_base -> addr
Rule 31    ptr_expr_base -> LPAREN ptr_expr RPAREN
Rule 32    ptr -> STAR ptr
Rule 33    ptr -> STAR ID
Rule 34    ptr -> STAR addr
Rule 35    addr -> AND ID
Rule 36    addr -> AND ptr

Terminals, with rules where they appear

AND                  : 35 36
COMMA                : 7 12 13
EQUALS               : 16 17 18
ID                   : 12 14 17 18 18 27 33 35
INT                  : 11
LCURL                : 1 2
LPAREN               : 1 2 31
MAIN                 : 1 2
MINUS                : 20 25
NUM                  : 28
PLUS                 : 19
RCURL                : 1 2
RPAREN               : 1 2 31
SEMICOLON            : 5 6
SLASH                : 23
STAR                 : 22 32 33 34
VOID                 : 1 2
error                : 

Nonterminals, with rules where they appear

addr                 : 17 30 34
assgn                : 7 8
assgn_list           : 6 7
body                 : 1 3
decl                 : 5
decl_list            : 11 12 13
num_assgn            : 10
prog                 : 0
ptr                  : 13 15 16 29 32 36
ptr_assgn            : 9
ptr_expr             : 16 19 20 31
ptr_expr_base        : 26
ptr_factor           : 19 20 21 22 23
ptr_term             : 22 23 24 25
stmt                 : 3 4

Parsing method: LALR

state 0

    (0) S' -> . prog
    (1) prog -> . VOID MAIN LPAREN RPAREN LCURL body RCURL
    (2) prog -> . VOID MAIN LPAREN RPAREN LCURL RCURL

    VOID            shift and go to state 1

    prog                           shift and go to state 2

state 1

    (1) prog -> VOID . MAIN LPAREN RPAREN LCURL body RCURL
    (2) prog -> VOID . MAIN LPAREN RPAREN LCURL RCURL

    MAIN            shift and go to state 3


state 2

    (0) S' -> prog .



state 3

    (1) prog -> VOID MAIN . LPAREN RPAREN LCURL body RCURL
    (2) prog -> VOID MAIN . LPAREN RPAREN LCURL RCURL

    LPAREN          shift and go to state 4


state 4

    (1) prog -> VOID MAIN LPAREN . RPAREN LCURL body RCURL
    (2) prog -> VOID MAIN LPAREN . RPAREN LCURL RCURL

    RPAREN          shift and go to state 5


state 5

    (1) prog -> VOID MAIN LPAREN RPAREN . LCURL body RCURL
    (2) prog -> VOID MAIN LPAREN RPAREN . LCURL RCURL

    LCURL           shift and go to state 6


state 6

    (1) prog -> VOID MAIN LPAREN RPAREN LCURL . body RCURL
    (2) prog -> VOID MAIN LPAREN RPAREN LCURL . RCURL
    (3) body -> . stmt body
    (4) body -> . stmt
    (5) stmt -> . decl SEMICOLON
    (6) stmt -> . assgn_list SEMICOLON
    (11) decl -> . INT decl_list
    (7) assgn_list -> . assgn_list COMMA assgn
    (8) assgn_list -> . assgn
    (9) assgn -> . ptr_assgn
    (10) assgn -> . num_assgn
    (16) ptr_assgn -> . ptr EQUALS ptr_expr
    (17) num_assgn -> . ID EQUALS addr
    (18) num_assgn -> . ID EQUALS ID
    (32) ptr -> . STAR ptr
    (33) ptr -> . STAR ID
    (34) ptr -> . STAR addr

    RCURL           shift and go to state 16
    INT             shift and go to state 14
    ID              shift and go to state 8
    STAR            shift and go to state 13

    assgn                          shift and go to state 15
    ptr                            shift and go to state 11
    ptr_assgn                      shift and go to state 17
    decl                           shift and go to state 18
    assgn_list                     shift and go to state 12
    num_assgn                      shift and go to state 7
    stmt                           shift and go to state 9
    body                           shift and go to state 10

state 7

    (10) assgn -> num_assgn .

    SEMICOLON       reduce using rule 10 (assgn -> num_assgn .)
    COMMA           reduce using rule 10 (assgn -> num_assgn .)


state 8

    (17) num_assgn -> ID . EQUALS addr
    (18) num_assgn -> ID . EQUALS ID

    EQUALS          shift and go to state 19


state 9

    (3) body -> stmt . body
    (4) body -> stmt .
    (3) body -> . stmt body
    (4) body -> . stmt
    (5) stmt -> . decl SEMICOLON
    (6) stmt -> . assgn_list SEMICOLON
    (11) decl -> . INT decl_list
    (7) assgn_list -> . assgn_list COMMA assgn
    (8) assgn_list -> . assgn
    (9) assgn -> . ptr_assgn
    (10) assgn -> . num_assgn
    (16) ptr_assgn -> . ptr EQUALS ptr_expr
    (17) num_assgn -> . ID EQUALS addr
    (18) num_assgn -> . ID EQUALS ID
    (32) ptr -> . STAR ptr
    (33) ptr -> . STAR ID
    (34) ptr -> . STAR addr

    RCURL           reduce using rule 4 (body -> stmt .)
    INT             shift and go to state 14
    ID              shift and go to state 8
    STAR            shift and go to state 13

    assgn                          shift and go to state 15
    ptr                            shift and go to state 11
    ptr_assgn                      shift and go to state 17
    decl                           shift and go to state 18
    assgn_list                     shift and go to state 12
    num_assgn                      shift and go to state 7
    stmt                           shift and go to state 9
    body                           shift and go to state 20

state 10

    (1) prog -> VOID MAIN LPAREN RPAREN LCURL body . RCURL

    RCURL           shift and go to state 21


state 11

    (16) ptr_assgn -> ptr . EQUALS ptr_expr

    EQUALS          shift and go to state 22


state 12

    (6) stmt -> assgn_list . SEMICOLON
    (7) assgn_list -> assgn_list . COMMA assgn

    SEMICOLON       shift and go to state 24
    COMMA           shift and go to state 23


state 13

    (32) ptr -> STAR . ptr
    (33) ptr -> STAR . ID
    (34) ptr -> STAR . addr
    (32) ptr -> . STAR ptr
    (33) ptr -> . STAR ID
    (34) ptr -> . STAR addr
    (35) addr -> . AND ID
    (36) addr -> . AND ptr

    ID              shift and go to state 25
    STAR            shift and go to state 13
    AND             shift and go to state 26

    addr                           shift and go to state 28
    ptr                            shift and go to state 27

state 14

    (11) decl -> INT . decl_list
    (12) decl_list -> . decl_list COMMA ID
    (13) decl_list -> . decl_list COMMA ptr
    (14) decl_list -> . ID
    (15) decl_list -> . ptr
    (32) ptr -> . STAR ptr
    (33) ptr -> . STAR ID
    (34) ptr -> . STAR addr

    ID              shift and go to state 30
    STAR            shift and go to state 13

    ptr                            shift and go to state 29
    decl_list                      shift and go to state 31

state 15

    (8) assgn_list -> assgn .

    SEMICOLON       reduce using rule 8 (assgn_list -> assgn .)
    COMMA           reduce using rule 8 (assgn_list -> assgn .)


state 16

    (2) prog -> VOID MAIN LPAREN RPAREN LCURL RCURL .

    $end            reduce using rule 2 (prog -> VOID MAIN LPAREN RPAREN LCURL RCURL .)


state 17

    (9) assgn -> ptr_assgn .

    SEMICOLON       reduce using rule 9 (assgn -> ptr_assgn .)
    COMMA           reduce using rule 9 (assgn -> ptr_assgn .)


state 18

    (5) stmt -> decl . SEMICOLON

    SEMICOLON       shift and go to state 32


state 19

    (17) num_assgn -> ID EQUALS . addr
    (18) num_assgn -> ID EQUALS . ID
    (35) addr -> . AND ID
    (36) addr -> . AND ptr

    ID              shift and go to state 33
    AND             shift and go to state 26

    addr                           shift and go to state 34

state 20

    (3) body -> stmt body .

    RCURL           reduce using rule 3 (body -> stmt body .)


state 21

    (1) prog -> VOID MAIN LPAREN RPAREN LCURL body RCURL .

    $end            reduce using rule 1 (prog -> VOID MAIN LPAREN RPAREN LCURL body RCURL .)


state 22

    (16) ptr_assgn -> ptr EQUALS . ptr_expr
    (19) ptr_expr -> . ptr_expr PLUS ptr_factor
    (20) ptr_expr -> . ptr_expr MINUS ptr_factor
    (21) ptr_expr -> . ptr_factor
    (22) ptr_factor -> . ptr_factor STAR ptr_term
    (23) ptr_factor -> . ptr_factor SLASH ptr_term
    (24) ptr_factor -> . ptr_term
    (25) ptr_term -> . MINUS ptr_term
    (26) ptr_term -> . ptr_expr_base
    (27) ptr_expr_base -> . ID
    (28) ptr_expr_base -> . NUM
    (29) ptr_expr_base -> . ptr
    (30) ptr_expr_base -> . addr
    (31) ptr_expr_base -> . LPAREN ptr_expr RPAREN
    (32) ptr -> . STAR ptr
    (33) ptr -> . STAR ID
    (34) ptr -> . STAR addr
    (35) addr -> . AND ID
    (36) addr -> . AND ptr

    MINUS           shift and go to state 41
    ID              shift and go to state 38
    NUM             shift and go to state 36
    LPAREN          shift and go to state 43
    STAR            shift and go to state 13
    AND             shift and go to state 26

    addr                           shift and go to state 35
    ptr_term                       shift and go to state 42
    ptr                            shift and go to state 37
    ptr_factor                     shift and go to state 39
    ptr_expr                       shift and go to state 44
    ptr_expr_base                  shift and go to state 40

state 23

    (7) assgn_list -> assgn_list COMMA . assgn
    (9) assgn -> . ptr_assgn
    (10) assgn -> . num_assgn
    (16) ptr_assgn -> . ptr EQUALS ptr_expr
    (17) num_assgn -> . ID EQUALS addr
    (18) num_assgn -> . ID EQUALS ID
    (32) ptr -> . STAR ptr
    (33) ptr -> . STAR ID
    (34) ptr -> . STAR addr

    ID              shift and go to state 8
    STAR            shift and go to state 13

    assgn                          shift and go to state 45
    num_assgn                      shift and go to state 7
    ptr_assgn                      shift and go to state 17
    ptr                            shift and go to state 11

state 24

    (6) stmt -> assgn_list SEMICOLON .

    INT             reduce using rule 6 (stmt -> assgn_list SEMICOLON .)
    ID              reduce using rule 6 (stmt -> assgn_list SEMICOLON .)
    STAR            reduce using rule 6 (stmt -> assgn_list SEMICOLON .)
    RCURL           reduce using rule 6 (stmt -> assgn_list SEMICOLON .)


state 25

    (33) ptr -> STAR ID .

    STAR            reduce using rule 33 (ptr -> STAR ID .)
    SLASH           reduce using rule 33 (ptr -> STAR ID .)
    PLUS            reduce using rule 33 (ptr -> STAR ID .)
    MINUS           reduce using rule 33 (ptr -> STAR ID .)
    SEMICOLON       reduce using rule 33 (ptr -> STAR ID .)
    COMMA           reduce using rule 33 (ptr -> STAR ID .)
    RPAREN          reduce using rule 33 (ptr -> STAR ID .)
    EQUALS          reduce using rule 33 (ptr -> STAR ID .)


state 26

    (35) addr -> AND . ID
    (36) addr -> AND . ptr
    (32) ptr -> . STAR ptr
    (33) ptr -> . STAR ID
    (34) ptr -> . STAR addr

    ID              shift and go to state 47
    STAR            shift and go to state 13

    ptr                            shift and go to state 46

state 27

    (32) ptr -> STAR ptr .

    STAR            reduce using rule 32 (ptr -> STAR ptr .)
    SLASH           reduce using rule 32 (ptr -> STAR ptr .)
    PLUS            reduce using rule 32 (ptr -> STAR ptr .)
    MINUS           reduce using rule 32 (ptr -> STAR ptr .)
    SEMICOLON       reduce using rule 32 (ptr -> STAR ptr .)
    COMMA           reduce using rule 32 (ptr -> STAR ptr .)
    RPAREN          reduce using rule 32 (ptr -> STAR ptr .)
    EQUALS          reduce using rule 32 (ptr -> STAR ptr .)


state 28

    (34) ptr -> STAR addr .

    STAR            reduce using rule 34 (ptr -> STAR addr .)
    SLASH           reduce using rule 34 (ptr -> STAR addr .)
    PLUS            reduce using rule 34 (ptr -> STAR addr .)
    MINUS           reduce using rule 34 (ptr -> STAR addr .)
    SEMICOLON       reduce using rule 34 (ptr -> STAR addr .)
    COMMA           reduce using rule 34 (ptr -> STAR addr .)
    RPAREN          reduce using rule 34 (ptr -> STAR addr .)
    EQUALS          reduce using rule 34 (ptr -> STAR addr .)


state 29

    (15) decl_list -> ptr .

    COMMA           reduce using rule 15 (decl_list -> ptr .)
    SEMICOLON       reduce using rule 15 (decl_list -> ptr .)


state 30

    (14) decl_list -> ID .

    COMMA           reduce using rule 14 (decl_list -> ID .)
    SEMICOLON       reduce using rule 14 (decl_list -> ID .)


state 31

    (11) decl -> INT decl_list .
    (12) decl_list -> decl_list . COMMA ID
    (13) decl_list -> decl_list . COMMA ptr

    SEMICOLON       reduce using rule 11 (decl -> INT decl_list .)
    COMMA           shift and go to state 48


state 32

    (5) stmt -> decl SEMICOLON .

    INT             reduce using rule 5 (stmt -> decl SEMICOLON .)
    ID              reduce using rule 5 (stmt -> decl SEMICOLON .)
    STAR            reduce using rule 5 (stmt -> decl SEMICOLON .)
    RCURL           reduce using rule 5 (stmt -> decl SEMICOLON .)


state 33

    (18) num_assgn -> ID EQUALS ID .

    SEMICOLON       reduce using rule 18 (num_assgn -> ID EQUALS ID .)
    COMMA           reduce using rule 18 (num_assgn -> ID EQUALS ID .)


state 34

    (17) num_assgn -> ID EQUALS addr .

    SEMICOLON       reduce using rule 17 (num_assgn -> ID EQUALS addr .)
    COMMA           reduce using rule 17 (num_assgn -> ID EQUALS addr .)


state 35

    (30) ptr_expr_base -> addr .

    STAR            reduce using rule 30 (ptr_expr_base -> addr .)
    SLASH           reduce using rule 30 (ptr_expr_base -> addr .)
    PLUS            reduce using rule 30 (ptr_expr_base -> addr .)
    MINUS           reduce using rule 30 (ptr_expr_base -> addr .)
    SEMICOLON       reduce using rule 30 (ptr_expr_base -> addr .)
    COMMA           reduce using rule 30 (ptr_expr_base -> addr .)
    RPAREN          reduce using rule 30 (ptr_expr_base -> addr .)


state 36

    (28) ptr_expr_base -> NUM .

    STAR            reduce using rule 28 (ptr_expr_base -> NUM .)
    SLASH           reduce using rule 28 (ptr_expr_base -> NUM .)
    PLUS            reduce using rule 28 (ptr_expr_base -> NUM .)
    MINUS           reduce using rule 28 (ptr_expr_base -> NUM .)
    SEMICOLON       reduce using rule 28 (ptr_expr_base -> NUM .)
    COMMA           reduce using rule 28 (ptr_expr_base -> NUM .)
    RPAREN          reduce using rule 28 (ptr_expr_base -> NUM .)


state 37

    (29) ptr_expr_base -> ptr .

    STAR            reduce using rule 29 (ptr_expr_base -> ptr .)
    SLASH           reduce using rule 29 (ptr_expr_base -> ptr .)
    PLUS            reduce using rule 29 (ptr_expr_base -> ptr .)
    MINUS           reduce using rule 29 (ptr_expr_base -> ptr .)
    SEMICOLON       reduce using rule 29 (ptr_expr_base -> ptr .)
    COMMA           reduce using rule 29 (ptr_expr_base -> ptr .)
    RPAREN          reduce using rule 29 (ptr_expr_base -> ptr .)


state 38

    (27) ptr_expr_base -> ID .

    STAR            reduce using rule 27 (ptr_expr_base -> ID .)
    SLASH           reduce using rule 27 (ptr_expr_base -> ID .)
    PLUS            reduce using rule 27 (ptr_expr_base -> ID .)
    MINUS           reduce using rule 27 (ptr_expr_base -> ID .)
    SEMICOLON       reduce using rule 27 (ptr_expr_base -> ID .)
    COMMA           reduce using rule 27 (ptr_expr_base -> ID .)
    RPAREN          reduce using rule 27 (ptr_expr_base -> ID .)


state 39

    (21) ptr_expr -> ptr_factor .
    (22) ptr_factor -> ptr_factor . STAR ptr_term
    (23) ptr_factor -> ptr_factor . SLASH ptr_term

    RPAREN          reduce using rule 21 (ptr_expr -> ptr_factor .)
    PLUS            reduce using rule 21 (ptr_expr -> ptr_factor .)
    MINUS           reduce using rule 21 (ptr_expr -> ptr_factor .)
    SEMICOLON       reduce using rule 21 (ptr_expr -> ptr_factor .)
    COMMA           reduce using rule 21 (ptr_expr -> ptr_factor .)
    STAR            shift and go to state 50
    SLASH           shift and go to state 49


state 40

    (26) ptr_term -> ptr_expr_base .

    STAR            reduce using rule 26 (ptr_term -> ptr_expr_base .)
    SLASH           reduce using rule 26 (ptr_term -> ptr_expr_base .)
    PLUS            reduce using rule 26 (ptr_term -> ptr_expr_base .)
    MINUS           reduce using rule 26 (ptr_term -> ptr_expr_base .)
    SEMICOLON       reduce using rule 26 (ptr_term -> ptr_expr_base .)
    COMMA           reduce using rule 26 (ptr_term -> ptr_expr_base .)
    RPAREN          reduce using rule 26 (ptr_term -> ptr_expr_base .)


state 41

    (25) ptr_term -> MINUS . ptr_term
    (25) ptr_term -> . MINUS ptr_term
    (26) ptr_term -> . ptr_expr_base
    (27) ptr_expr_base -> . ID
    (28) ptr_expr_base -> . NUM
    (29) ptr_expr_base -> . ptr
    (30) ptr_expr_base -> . addr
    (31) ptr_expr_base -> . LPAREN ptr_expr RPAREN
    (32) ptr -> . STAR ptr
    (33) ptr -> . STAR ID
    (34) ptr -> . STAR addr
    (35) addr -> . AND ID
    (36) addr -> . AND ptr

    MINUS           shift and go to state 41
    ID              shift and go to state 38
    NUM             shift and go to state 36
    LPAREN          shift and go to state 43
    STAR            shift and go to state 13
    AND             shift and go to state 26

    ptr_term                       shift and go to state 51
    addr                           shift and go to state 35
    ptr                            shift and go to state 37
    ptr_expr_base                  shift and go to state 40

state 42

    (24) ptr_factor -> ptr_term .

    STAR            reduce using rule 24 (ptr_factor -> ptr_term .)
    SLASH           reduce using rule 24 (ptr_factor -> ptr_term .)
    RPAREN          reduce using rule 24 (ptr_factor -> ptr_term .)
    PLUS            reduce using rule 24 (ptr_factor -> ptr_term .)
    MINUS           reduce using rule 24 (ptr_factor -> ptr_term .)
    SEMICOLON       reduce using rule 24 (ptr_factor -> ptr_term .)
    COMMA           reduce using rule 24 (ptr_factor -> ptr_term .)


state 43

    (31) ptr_expr_base -> LPAREN . ptr_expr RPAREN
    (19) ptr_expr -> . ptr_expr PLUS ptr_factor
    (20) ptr_expr -> . ptr_expr MINUS ptr_factor
    (21) ptr_expr -> . ptr_factor
    (22) ptr_factor -> . ptr_factor STAR ptr_term
    (23) ptr_factor -> . ptr_factor SLASH ptr_term
    (24) ptr_factor -> . ptr_term
    (25) ptr_term -> . MINUS ptr_term
    (26) ptr_term -> . ptr_expr_base
    (27) ptr_expr_base -> . ID
    (28) ptr_expr_base -> . NUM
    (29) ptr_expr_base -> . ptr
    (30) ptr_expr_base -> . addr
    (31) ptr_expr_base -> . LPAREN ptr_expr RPAREN
    (32) ptr -> . STAR ptr
    (33) ptr -> . STAR ID
    (34) ptr -> . STAR addr
    (35) addr -> . AND ID
    (36) addr -> . AND ptr

    MINUS           shift and go to state 41
    ID              shift and go to state 38
    NUM             shift and go to state 36
    LPAREN          shift and go to state 43
    STAR            shift and go to state 13
    AND             shift and go to state 26

    addr                           shift and go to state 35
    ptr_term                       shift and go to state 42
    ptr                            shift and go to state 37
    ptr_factor                     shift and go to state 39
    ptr_expr                       shift and go to state 52
    ptr_expr_base                  shift and go to state 40

state 44

    (16) ptr_assgn -> ptr EQUALS ptr_expr .
    (19) ptr_expr -> ptr_expr . PLUS ptr_factor
    (20) ptr_expr -> ptr_expr . MINUS ptr_factor

    SEMICOLON       reduce using rule 16 (ptr_assgn -> ptr EQUALS ptr_expr .)
    COMMA           reduce using rule 16 (ptr_assgn -> ptr EQUALS ptr_expr .)
    PLUS            shift and go to state 54
    MINUS           shift and go to state 53


state 45

    (7) assgn_list -> assgn_list COMMA assgn .

    SEMICOLON       reduce using rule 7 (assgn_list -> assgn_list COMMA assgn .)
    COMMA           reduce using rule 7 (assgn_list -> assgn_list COMMA assgn .)


state 46

    (36) addr -> AND ptr .

    STAR            reduce using rule 36 (addr -> AND ptr .)
    SLASH           reduce using rule 36 (addr -> AND ptr .)
    PLUS            reduce using rule 36 (addr -> AND ptr .)
    MINUS           reduce using rule 36 (addr -> AND ptr .)
    SEMICOLON       reduce using rule 36 (addr -> AND ptr .)
    COMMA           reduce using rule 36 (addr -> AND ptr .)
    RPAREN          reduce using rule 36 (addr -> AND ptr .)
    EQUALS          reduce using rule 36 (addr -> AND ptr .)


state 47

    (35) addr -> AND ID .

    STAR            reduce using rule 35 (addr -> AND ID .)
    SLASH           reduce using rule 35 (addr -> AND ID .)
    PLUS            reduce using rule 35 (addr -> AND ID .)
    MINUS           reduce using rule 35 (addr -> AND ID .)
    SEMICOLON       reduce using rule 35 (addr -> AND ID .)
    COMMA           reduce using rule 35 (addr -> AND ID .)
    RPAREN          reduce using rule 35 (addr -> AND ID .)
    EQUALS          reduce using rule 35 (addr -> AND ID .)


state 48

    (12) decl_list -> decl_list COMMA . ID
    (13) decl_list -> decl_list COMMA . ptr
    (32) ptr -> . STAR ptr
    (33) ptr -> . STAR ID
    (34) ptr -> . STAR addr

    ID              shift and go to state 56
    STAR            shift and go to state 13

    ptr                            shift and go to state 55

state 49

    (23) ptr_factor -> ptr_factor SLASH . ptr_term
    (25) ptr_term -> . MINUS ptr_term
    (26) ptr_term -> . ptr_expr_base
    (27) ptr_expr_base -> . ID
    (28) ptr_expr_base -> . NUM
    (29) ptr_expr_base -> . ptr
    (30) ptr_expr_base -> . addr
    (31) ptr_expr_base -> . LPAREN ptr_expr RPAREN
    (32) ptr -> . STAR ptr
    (33) ptr -> . STAR ID
    (34) ptr -> . STAR addr
    (35) addr -> . AND ID
    (36) addr -> . AND ptr

    MINUS           shift and go to state 41
    ID              shift and go to state 38
    NUM             shift and go to state 36
    LPAREN          shift and go to state 43
    STAR            shift and go to state 13
    AND             shift and go to state 26

    ptr_term                       shift and go to state 57
    ptr                            shift and go to state 37
    addr                           shift and go to state 35
    ptr_expr_base                  shift and go to state 40

state 50

    (22) ptr_factor -> ptr_factor STAR . ptr_term
    (25) ptr_term -> . MINUS ptr_term
    (26) ptr_term -> . ptr_expr_base
    (27) ptr_expr_base -> . ID
    (28) ptr_expr_base -> . NUM
    (29) ptr_expr_base -> . ptr
    (30) ptr_expr_base -> . addr
    (31) ptr_expr_base -> . LPAREN ptr_expr RPAREN
    (32) ptr -> . STAR ptr
    (33) ptr -> . STAR ID
    (34) ptr -> . STAR addr
    (35) addr -> . AND ID
    (36) addr -> . AND ptr

    MINUS           shift and go to state 41
    ID              shift and go to state 38
    NUM             shift and go to state 36
    LPAREN          shift and go to state 43
    STAR            shift and go to state 13
    AND             shift and go to state 26

    ptr_term                       shift and go to state 58
    ptr                            shift and go to state 37
    addr                           shift and go to state 35
    ptr_expr_base                  shift and go to state 40

state 51

    (25) ptr_term -> MINUS ptr_term .

    STAR            reduce using rule 25 (ptr_term -> MINUS ptr_term .)
    SLASH           reduce using rule 25 (ptr_term -> MINUS ptr_term .)
    PLUS            reduce using rule 25 (ptr_term -> MINUS ptr_term .)
    MINUS           reduce using rule 25 (ptr_term -> MINUS ptr_term .)
    SEMICOLON       reduce using rule 25 (ptr_term -> MINUS ptr_term .)
    COMMA           reduce using rule 25 (ptr_term -> MINUS ptr_term .)
    RPAREN          reduce using rule 25 (ptr_term -> MINUS ptr_term .)


state 52

    (31) ptr_expr_base -> LPAREN ptr_expr . RPAREN
    (19) ptr_expr -> ptr_expr . PLUS ptr_factor
    (20) ptr_expr -> ptr_expr . MINUS ptr_factor

    RPAREN          shift and go to state 59
    PLUS            shift and go to state 54
    MINUS           shift and go to state 53


state 53

    (20) ptr_expr -> ptr_expr MINUS . ptr_factor
    (22) ptr_factor -> . ptr_factor STAR ptr_term
    (23) ptr_factor -> . ptr_factor SLASH ptr_term
    (24) ptr_factor -> . ptr_term
    (25) ptr_term -> . MINUS ptr_term
    (26) ptr_term -> . ptr_expr_base
    (27) ptr_expr_base -> . ID
    (28) ptr_expr_base -> . NUM
    (29) ptr_expr_base -> . ptr
    (30) ptr_expr_base -> . addr
    (31) ptr_expr_base -> . LPAREN ptr_expr RPAREN
    (32) ptr -> . STAR ptr
    (33) ptr -> . STAR ID
    (34) ptr -> . STAR addr
    (35) addr -> . AND ID
    (36) addr -> . AND ptr

    MINUS           shift and go to state 41
    ID              shift and go to state 38
    NUM             shift and go to state 36
    LPAREN          shift and go to state 43
    STAR            shift and go to state 13
    AND             shift and go to state 26

    addr                           shift and go to state 35
    ptr_term                       shift and go to state 42
    ptr                            shift and go to state 37
    ptr_factor                     shift and go to state 60
    ptr_expr_base                  shift and go to state 40

state 54

    (19) ptr_expr -> ptr_expr PLUS . ptr_factor
    (22) ptr_factor -> . ptr_factor STAR ptr_term
    (23) ptr_factor -> . ptr_factor SLASH ptr_term
    (24) ptr_factor -> . ptr_term
    (25) ptr_term -> . MINUS ptr_term
    (26) ptr_term -> . ptr_expr_base
    (27) ptr_expr_base -> . ID
    (28) ptr_expr_base -> . NUM
    (29) ptr_expr_base -> . ptr
    (30) ptr_expr_base -> . addr
    (31) ptr_expr_base -> . LPAREN ptr_expr RPAREN
    (32) ptr -> . STAR ptr
    (33) ptr -> . STAR ID
    (34) ptr -> . STAR addr
    (35) addr -> . AND ID
    (36) addr -> . AND ptr

    MINUS           shift and go to state 41
    ID              shift and go to state 38
    NUM             shift and go to state 36
    LPAREN          shift and go to state 43
    STAR            shift and go to state 13
    AND             shift and go to state 26

    addr                           shift and go to state 35
    ptr_term                       shift and go to state 42
    ptr                            shift and go to state 37
    ptr_factor                     shift and go to state 61
    ptr_expr_base                  shift and go to state 40

state 55

    (13) decl_list -> decl_list COMMA ptr .

    COMMA           reduce using rule 13 (decl_list -> decl_list COMMA ptr .)
    SEMICOLON       reduce using rule 13 (decl_list -> decl_list COMMA ptr .)


state 56

    (12) decl_list -> decl_list COMMA ID .

    COMMA           reduce using rule 12 (decl_list -> decl_list COMMA ID .)
    SEMICOLON       reduce using rule 12 (decl_list -> decl_list COMMA ID .)


state 57

    (23) ptr_factor -> ptr_factor SLASH ptr_term .

    STAR            reduce using rule 23 (ptr_factor -> ptr_factor SLASH ptr_term .)
    SLASH           reduce using rule 23 (ptr_factor -> ptr_factor SLASH ptr_term .)
    RPAREN          reduce using rule 23 (ptr_factor -> ptr_factor SLASH ptr_term .)
    PLUS            reduce using rule 23 (ptr_factor -> ptr_factor SLASH ptr_term .)
    MINUS           reduce using rule 23 (ptr_factor -> ptr_factor SLASH ptr_term .)
    SEMICOLON       reduce using rule 23 (ptr_factor -> ptr_factor SLASH ptr_term .)
    COMMA           reduce using rule 23 (ptr_factor -> ptr_factor SLASH ptr_term .)


state 58

    (22) ptr_factor -> ptr_factor STAR ptr_term .

    STAR            reduce using rule 22 (ptr_factor -> ptr_factor STAR ptr_term .)
    SLASH           reduce using rule 22 (ptr_factor -> ptr_factor STAR ptr_term .)
    RPAREN          reduce using rule 22 (ptr_factor -> ptr_factor STAR ptr_term .)
    PLUS            reduce using rule 22 (ptr_factor -> ptr_factor STAR ptr_term .)
    MINUS           reduce using rule 22 (ptr_factor -> ptr_factor STAR ptr_term .)
    SEMICOLON       reduce using rule 22 (ptr_factor -> ptr_factor STAR ptr_term .)
    COMMA           reduce using rule 22 (ptr_factor -> ptr_factor STAR ptr_term .)


state 59

    (31) ptr_expr_base -> LPAREN ptr_expr RPAREN .

    STAR            reduce using rule 31 (ptr_expr_base -> LPAREN ptr_expr RPAREN .)
    SLASH           reduce using rule 31 (ptr_expr_base -> LPAREN ptr_expr RPAREN .)
    PLUS            reduce using rule 31 (ptr_expr_base -> LPAREN ptr_expr RPAREN .)
    MINUS           reduce using rule 31 (ptr_expr_base -> LPAREN ptr_expr RPAREN .)
    SEMICOLON       reduce using rule 31 (ptr_expr_base -> LPAREN ptr_expr RPAREN .)
    COMMA           reduce using rule 31 (ptr_expr_base -> LPAREN ptr_expr RPAREN .)
    RPAREN          reduce using rule 31 (ptr_expr_base -> LPAREN ptr_expr RPAREN .)


state 60

    (20) ptr_expr -> ptr_expr MINUS ptr_factor .
    (22) ptr_factor -> ptr_factor . STAR ptr_term
    (23) ptr_factor -> ptr_factor . SLASH ptr_term

    RPAREN          reduce using rule 20 (ptr_expr -> ptr_expr MINUS ptr_factor .)
    PLUS            reduce using rule 20 (ptr_expr -> ptr_expr MINUS ptr_factor .)
    MINUS           reduce using rule 20 (ptr_expr -> ptr_expr MINUS ptr_factor .)
    SEMICOLON       reduce using rule 20 (ptr_expr -> ptr_expr MINUS ptr_factor .)
    COMMA           reduce using rule 20 (ptr_expr -> ptr_expr MINUS ptr_factor .)
    STAR            shift and go to state 50
    SLASH           shift and go to state 49


state 61

    (19) ptr_expr -> ptr_expr PLUS ptr_factor .
    (22) ptr_factor -> ptr_factor . STAR ptr_term
    (23) ptr_factor -> ptr_factor . SLASH ptr_term

    RPAREN          reduce using rule 19 (ptr_expr -> ptr_expr PLUS ptr_factor .)
    PLUS            reduce using rule 19 (ptr_expr -> ptr_expr PLUS ptr_factor .)
    MINUS           reduce using rule 19 (ptr_expr -> ptr_expr PLUS ptr_factor .)
    SEMICOLON       reduce using rule 19 (ptr_expr -> ptr_expr PLUS ptr_factor .)
    COMMA           reduce using rule 19 (ptr_expr -> ptr_expr PLUS ptr_factor .)
    STAR            shift and go to state 50
    SLASH           shift and go to state 49

